Results of Simulation 1

Time	Oral_input_uM	C_rest	C_elim	A_total
0	5.43931	0	0	0
0.25	4.23614	1.71246	0.0393128	0.216775
0.5	3.29911	2.93977	0.142207	0.3856
0.75	2.56935	3.79587	0.290129	0.517081
1	2.00101	4.36905	0.468909	0.619478
1.25	1.55839	4.7277	0.667774	0.699225
1.5	1.21367	4.92473	0.878577	0.761332
1.75	0.94521	5.001	1.09521	0.809702
2	0.73613	4.98801	1.31311	0.847371
2.25	0.573299	4.91001	1.52896	0.876709
2.5	0.446486	4.78558	1.74034	0.899557
2.75	0.347723	4.62896	1.94555	0.917351
3	0.270807	4.45097	2.14343	0.931209
3.25	0.210905	4.25982	2.33325	0.942001
3.5	0.164253	4.06168	2.51457	0.950407
3.75	0.12792	3.86115	2.68718	0.956953
4	0.0996244	3.66164	2.85107	0.962051
4.25	0.0775876	3.46562	3.00634	0.966021
4.5	0.0604252	3.27482	3.15317	0.969113
4.75	0.0470592	3.09048	3.29183	0.971521
5	0.0366498	2.91337	3.42261	0.973397
5.25	0.0285429	2.74399	3.54584	0.974857
5.5	0.0222292	2.58257	3.66186	0.975995
5.75	0.0173121	2.42919	3.77102	0.976881
6	0.0134827	2.28378	3.87367	0.977571
6.25	0.0105003	2.1462	3.97016	0.978108
6.5	0.00817767	2.01622	4.06082	0.978527
6.75	0.00636877	1.89359	4.14598	0.978853
7	0.00496001	1.778	4.22594	0.979106
7.25	0.00386286	1.66915	4.30102	0.979304
7.5	0.0030084	1.56671	4.3715	0.979458
7.75	0.00234294	1.47036	4.43765	0.979578
8	0.00182468	1.37979	4.49972	0.979671
8.25	0.00142107	1.29467	4.55797	0.979744
8.5	0.00110673	1.21472	4.61263	0.979801
8.75	0.00086192	1.13963	4.6639	0.979845
9	0.000671264	1.06913	4.71201	0.979879
9.25	0.000522781	1.00295	4.75714	0.979906
9.5	0.000407142	0.940829	4.79947	0.979927
9.75	0.000317083	0.882531	4.83918	0.979943
10	0.000246944	0.827824	4.87644	0.979956
10.25	0.00019232	0.776493	4.91138	0.979965
10.5	0.000149779	0.728333	4.94415	0.979973
10.75	0.000116648	0.68315	4.97489	0.979979
11	9.08457e-05	0.640762	5.00373	0.979984
11.25	7.07507e-05	0.600999	5.03077	0.979987
11.5	5.51007e-05	0.563698	5.05614	0.97999
11.75	4.29125e-05	0.528709	5.07993	0.979992
12	3.34203e-05	0.495889	5.10225	0.979994
12.25	2.60277e-05	0.465104	5.12318	0.979995
12.5	2.02704e-05	0.436229	5.14281	0.979996
12.75	1.57866e-05	0.409145	5.16122	0.979997
13	1.22946e-05	0.383742	5.17849	0.979998
13.25	9.57506e-06	0.359915	5.19468	0.979998
13.5	7.45707e-06	0.337567	5.20988	0.979999
13.75	5.80757e-06	0.316606	5.22412	0.979999
14	4.52294e-06	0.296946	5.23749	0.979999
14.25	3.52247e-06	0.278507	5.25002	0.979999
14.5	2.7433e-06	0.261212	5.26177	0.98
14.75	2.13649e-06	0.244992	5.2728	0.98
15	1.6639e-06	0.229778	5.28314	0.98
15.25	1.29584e-06	0.215509	5.29284	0.98
15.5	1.0092e-06	0.202126	5.30193	0.98
15.75	7.85969e-07	0.189574	5.31046	0.98
16	6.12113e-07	0.177802	5.31847	0.98
16.25	4.76714e-07	0.16676	5.32597	0.98
16.5	3.71266e-07	0.156404	5.33301	0.98
16.75	2.89142e-07	0.146691	5.33961	0.98
17	2.25184e-07	0.137582	5.3458	0.98
17.25	1.75373e-07	0.129038	5.35161	0.98
17.5	1.36581e-07	0.121025	5.35705	0.98
17.75	1.06369e-07	0.113509	5.36216	0.98
18	8.28405e-08	0.10646	5.36695	0.98
18.25	6.45163e-08	0.0998486	5.37145	0.98
18.5	5.02453e-08	0.0936479	5.37566	0.98
18.75	3.91311e-08	0.0878323	5.37961	0.98
19	3.04753e-08	0.0823778	5.38332	0.98
19.25	2.37342e-08	0.0772621	5.3868	0.98
19.5	1.84842e-08	0.072464	5.39006	0.98
19.75	1.43955e-08	0.0679639	5.39312	0.98
20	1.12112e-08	0.0637433	5.39598	0.98
20.25	8.73133e-09	0.0597848	5.39868	0.98
20.5	6.79997e-09	0.0560721	5.4012	0.98
20.75	5.29582e-09	0.0525899	5.40356	0.98
21	4.12439e-09	0.049324	5.40578	0.98
21.25	3.21208e-09	0.046261	5.40787	0.98
21.5	2.50157e-09	0.0433881	5.40982	0.98
21.75	1.94822e-09	0.0406936	5.41165	0.98
22	1.51728e-09	0.0381665	5.41337	0.98
22.25	1.18166e-09	0.0357963	5.41498	0.98
22.5	9.20275e-10	0.0335733	5.41649	0.98
22.75	7.16711e-10	0.0314884	5.41791	0.98
23	5.58175e-10	0.0295329	5.41924	0.98
23.25	4.34707e-10	0.0276989	5.42048	0.98
23.5	3.3855e-10	0.0259788	5.42165	0.98
23.75	2.63663e-10	0.0243655	5.42275	0.98
24	0	0.0228523	5.42378	0.98
24.25	4.23614	1.73389	5.46405	1.19678
24.5	3.29911	2.95987	5.56785	1.3656
24.75	2.56935	3.81472	5.71662	1.49708
25	2.00101	4.38673	5.8962	1.59948
25.25	1.55839	4.74428	6.09581	1.67923
25.5	1.21367	4.94029	6.30731	1.74133
25.75	0.94521	5.01559	6.5246	1.7897
26	0.73613	5.0017	6.74312	1.82737
26.25	0.573299	4.92284	6.95954	1.85671
26.5	0.446486	4.79762	7.17146	1.87956
26.75	0.347723	4.64025	7.37718	1.89735
27	0.270807	4.46156	7.57554	1.91121
27.25	0.210905	4.26975	7.76581	1.922
27.5	0.164253	4.07099	7.94754	1.93041
27.75	0.12792	3.86989	8.12055	1.93695
28	0.0996244	3.66984	8.28481	1.94205
28.25	0.0775876	3.4733	8.44042	1.94602
28.5	0.0604252	3.28203	8.58758	1.94911
28.75	0.0470592	3.09724	8.72654	1.95152
29	0.0366498	2.91971	8.85761	1.9534
29.25	0.0285429	2.74993	8.9811	1.95486
29.5	0.0222292	2.58814	9.09737	1.95599
29.75	0.0173121	2.43442	9.20677	1.95688
30	0.0134827	2.28869	9.30964	1.95757
30.25	0.0105003	2.1508	9.40634	1.95811
30.5	0.00817767	2.02054	9.49719	1.95853
30.75	0.00636877	1.89764	9.58253	1.95885
31	0.00496001	1.7818	9.66267	1.95911
31.25	0.00386286	1.67271	9.73791	1.9593
31.5	0.0030084	1.57004	9.80854	1.95946
31.75	0.00234294	1.47349	9.87483	1.95958
32	0.00182468	1.38272	9.93703	1.95967
32.25	0.00142107	1.29743	9.99541	1.95974
32.5	0.00110673	1.2173	10.0502	1.9598
32.75	0.00086192	1.14206	10.1016	1.95984
33	0.000671264	1.0714	10.1498	1.95988
33.25	0.000522781	1.00508	10.195	1.95991
33.5	0.000407142	0.942828	10.2374	1.95993
33.75	0.000317083	0.884406	10.2772	1.95994
34	0.000246944	0.829583	10.3145	1.95996
34.25	0.00019232	0.778143	10.3496	1.95997
34.5	0.000149779	0.72988	10.3824	1.95997
34.75	0.000116648	0.684601	10.4132	1.95998
35	9.08457e-05	0.642123	10.4421	1.95998
35.25	7.07507e-05	0.602275	10.4692	1.95999
35.5	5.51007e-05	0.564895	10.4946	1.95999
35.75	4.29125e-05	0.529832	10.5185	1.95999
36	3.34203e-05	0.496942	10.5408	1.95999
36.25	2.60277e-05	0.466092	10.5618	1.96
36.5	2.02704e-05	0.437155	10.5815	1.96
36.75	1.57866e-05	0.410014	10.5999	1.96
37	1.22946e-05	0.384557	10.6172	1.96
37.25	9.57506e-06	0.360679	10.6335	1.96
37.5	7.45707e-06	0.338283	10.6487	1.96
37.75	5.80757e-06	0.317278	10.663	1.96
38	4.52294e-06	0.297576	10.6764	1.96
38.25	3.52247e-06	0.279098	10.6889	1.96
38.5	2.7433e-06	0.261767	10.7007	1.96
38.75	2.13649e-06	0.245512	10.7118	1.96
39	1.6639e-06	0.230266	10.7221	1.96
39.25	1.29584e-06	0.215967	10.7318	1.96
39.5	1.0092e-06	0.202555	10.7409	1.96
39.75	7.85969e-07	0.189977	10.7495	1.96
40	6.12113e-07	0.178179	10.7575	1.96
40.25	4.76714e-07	0.167114	10.765	1.96
40.5	3.71266e-07	0.156736	10.7721	1.96
40.75	2.89142e-07	0.147003	10.7787	1.96
41	2.25184e-07	0.137874	10.7849	1.96
41.25	1.75373e-07	0.129312	10.7907	1.96
41.5	1.36581e-07	0.121282	10.7962	1.96
41.75	1.06369e-07	0.11375	10.8013	1.96
42	8.28405e-08	0.106686	10.8061	1.96
42.25	6.45163e-08	0.100061	10.8106	1.96
42.5	5.02453e-08	0.0938467	10.8148	1.96
42.75	3.91311e-08	0.0880188	10.8188	1.96
43	3.04753e-08	0.0825527	10.8225	1.96
43.25	2.37342e-08	0.0774261	10.826	1.96
43.5	1.84842e-08	0.0726179	10.8293	1.96
43.75	1.43955e-08	0.0681082	10.8323	1.96
44	1.12112e-08	0.0638786	10.8352	1.96
44.25	8.73133e-09	0.0599117	10.8379	1.96
44.5	6.79997e-09	0.0561911	10.8404	1.96
44.75	5.29582e-09	0.0527016	10.8428	1.96
45	4.12439e-09	0.0494288	10.845	1.96
45.25	3.21208e-09	0.0463592	10.8471	1.96
45.5	2.50157e-09	0.0434802	10.8491	1.96
45.75	1.94822e-09	0.04078	10.8509	1.96
46	1.51728e-09	0.0382476	10.8526	1.96
46.25	1.18166e-09	0.0358723	10.8542	1.96
46.5	9.20275e-10	0.0336446	10.8557	1.96
46.75	7.16711e-10	0.0315553	10.8572	1.96
47	5.58175e-10	0.0295956	10.8585	1.96
47.25	4.34707e-10	0.0277577	10.8597	1.96
47.5	3.3855e-10	0.0260339	10.8609	1.96
47.75	2.63663e-10	0.0244172	10.862	1.96
48	0	0.0229009	10.8631	1.96
48.25	4.23614	1.73393	10.9033	2.17678
48.5	3.29911	2.95992	11.0071	2.3456
48.75	2.56935	3.81476	11.1559	2.47708
49	2.00101	4.38677	11.3355	2.57948
49.25	1.55839	4.74432	11.5351	2.65923
49.5	1.21367	4.94032	11.7466	2.72133
49.75	0.94521	5.01562	11.9639	2.7697
50	0.73613	5.00172	12.1824	2.80737
50.25	0.573299	4.92287	12.3988	2.83671
50.5	0.446486	4.79764	12.6108	2.85956
50.75	0.347723	4.64027	12.8165	2.87735
51	0.270807	4.46158	13.0148	2.89121
51.25	0.210905	4.26977	13.2051	2.902
51.5	0.164253	4.07101	13.3868	2.91041
51.75	0.12792	3.86991	13.5598	2.91695
52	0.0996244	3.66985	13.7241	2.92205
52.25	0.0775876	3.47332	13.8797	2.92602
52.5	0.0604252	3.28205	14.0269	2.92911
52.75	0.0470592	3.09725	14.1658	2.93152
53	0.0366498	2.91972	14.2969	2.9334
53.25	0.0285429	2.74994	14.4204	2.93486
53.5	0.0222292	2.58816	14.5367	2.93599
53.75	0.0173121	2.43443	14.6461	2.93688
54	0.0134827	2.2887	14.7489	2.93757
54.25	0.0105003	2.15081	14.8456	2.93811
54.5	0.00817767	2.02055	14.9365	2.93853
54.75	0.00636877	1.89764	15.0218	2.93885
55	0.00496001	1.7818	15.102	2.93911
55.25	0.00386286	1.67271	15.1772	2.9393
55.5	0.0030084	1.57005	15.2478	2.93946
55.75	0.00234294	1.4735	15.3141	2.93958
56	0.00182468	1.38273	15.3763	2.93967
56.25	0.00142107	1.29743	15.4347	2.93974
56.5	0.00110673	1.21731	15.4895	2.9398
56.75	0.00086192	1.14206	15.5409	2.93984
57	0.000671264	1.07141	15.5891	2.93988
57.25	0.000522781	1.00509	15.6343	2.93991
57.5	0.000407142	0.942833	15.6767	2.93993
57.75	0.000317083	0.88441	15.7165	2.93994
58	0.000246944	0.829587	15.7539	2.93996
58.25	0.00019232	0.778146	15.7889	2.93997
58.5	0.000149779	0.729883	15.8217	2.93997
58.75	0.000116648	0.684604	15.8525	2.93998
59	9.08457e-05	0.642126	15.8814	2.93998
59.25	7.07507e-05	0.602278	15.9085	2.93999
59.5	5.51007e-05	0.564898	15.9339	2.93999
59.75	4.29125e-05	0.529834	15.9578	2.93999
60	3.34203e-05	0.496944	15.9801	2.93999
60.25	2.60277e-05	0.466094	16.0011	2.94
60.5	2.02704e-05	0.437157	16.0208	2.94
60.75	1.57866e-05	0.410016	16.0392	2.94
61	1.22946e-05	0.384558	16.0565	2.94
61.25	9.57506e-06	0.360681	16.0728	2.94
61.5	7.45707e-06	0.338285	16.088	2.94
61.75	5.80757e-06	0.317279	16.1023	2.94
62	4.52294e-06	0.297578	16.1157	2.94
62.25	3.52247e-06	0.279099	16.1282	2.94
62.5	2.7433e-06	0.261768	16.14	2.94
62.75	2.13649e-06	0.245513	16.1511	2.94
63	1.6639e-06	0.230267	16.1614	2.94
63.25	1.29584e-06	0.215968	16.1711	2.94
63.5	1.0092e-06	0.202556	16.1803	2.94
63.75	7.85969e-07	0.189977	16.1888	2.94
64	6.12113e-07	0.17818	16.1968	2.94
64.25	4.76714e-07	0.167115	16.2043	2.94
64.5	3.71266e-07	0.156737	16.2114	2.94
64.75	2.89142e-07	0.147004	16.218	2.94
65	2.25184e-07	0.137875	16.2242	2.94
65.25	1.75373e-07	0.129312	16.23	2.94
65.5	1.36581e-07	0.121282	16.2355	2.94
65.75	1.06369e-07	0.11375	16.2406	2.94
66	8.28405e-08	0.106686	16.2454	2.94
66.25	6.45163e-08	0.100061	16.2499	2.94
66.5	5.02453e-08	0.0938472	16.2541	2.94
66.75	3.91311e-08	0.0880192	16.2581	2.94
67	3.04753e-08	0.0825531	16.2618	2.94
67.25	2.37342e-08	0.0774265	16.2653	2.94
67.5	1.84842e-08	0.0726182	16.2686	2.94
67.75	1.43955e-08	0.0681085	16.2716	2.94
68	1.12112e-08	0.0638789	16.2745	2.94
68.25	8.73133e-09	0.059912	16.2772	2.94
68.5	6.79997e-09	0.0561914	16.2797	2.94
68.75	5.29582e-09	0.0527018	16.2821	2.94
69	4.12439e-09	0.049429	16.2843	2.94
69.25	3.21208e-09	0.0463594	16.2864	2.94
69.5	2.50157e-09	0.0434804	16.2884	2.94
69.75	1.94822e-09	0.0407802	16.2902	2.94
70	1.51728e-09	0.0382477	16.2919	2.94
70.25	1.18166e-09	0.0358725	16.2935	2.94
70.5	9.20275e-10	0.0336448	16.2951	2.94
70.75	7.16711e-10	0.0315554	16.2965	2.94
71	5.58175e-10	0.0295958	16.2978	2.94
71.25	4.34707e-10	0.0277578	16.2991	2.94
71.5	3.3855e-10	0.026034	16.3002	2.94
71.75	2.63663e-10	0.0244173	16.3013	2.94
72	0	0.022901	16.3024	2.94
72.25	4.23614	1.73393	16.3426	3.15678
72.5	3.29911	2.95992	16.4464	3.3256
72.75	2.56935	3.81476	16.5952	3.45708
73	2.00101	4.38677	16.7748	3.55948
73.25	1.55839	4.74432	16.9744	3.63923
73.5	1.21367	4.94032	17.1859	3.70133
73.75	0.94521	5.01562	17.4032	3.7497
74	0.73613	5.00172	17.6217	3.78737
74.25	0.573299	4.92287	17.8381	3.81671
74.5	0.446486	4.79764	18.0501	3.83956
74.75	0.347723	4.64027	18.2558	3.85735
75	0.270807	4.46158	18.4541	3.87121
75.25	0.210905	4.26977	18.6444	3.882
75.5	0.164253	4.07101	18.8261	3.89041
75.75	0.12792	3.86991	18.9992	3.89695
76	0.0996244	3.66985	19.1634	3.90205
76.25	0.0775876	3.47332	19.319	3.90602
76.5	0.0604252	3.28205	19.4662	3.90911
76.75	0.0470592	3.09725	19.6051	3.91152
77	0.0366498	2.91972	19.7362	3.9134
77.25	0.0285429	2.74994	19.8597	3.91486
77.5	0.0222292	2.58816	19.976	3.91599
77.75	0.0173121	2.43443	20.0854	3.91688
78	0.0134827	2.2887	20.1883	3.91757
78.25	0.0105003	2.15081	20.2849	3.91811
78.5	0.00817767	2.02055	20.3758	3.91853
78.75	0.00636877	1.89764	20.4611	3.91885
79	0.00496001	1.7818	20.5413	3.91911
79.25	0.00386286	1.67271	20.6165	3.9193
79.5	0.0030084	1.57005	20.6871	3.91946
79.75	0.00234294	1.4735	20.7534	3.91958
80	0.00182468	1.38273	20.8156	3.91967
80.25	0.00142107	1.29743	20.874	3.91974
80.5	0.00110673	1.21731	20.9288	3.9198
80.75	0.00086192	1.14206	20.9802	3.91984
81	0.000671264	1.07141	21.0284	3.91988
81.25	0.000522781	1.00509	21.0736	3.91991
81.5	0.000407142	0.942833	21.116	3.91993
81.75	0.000317083	0.88441	21.1558	3.91994
82	0.000246944	0.829587	21.1932	3.91996
82.25	0.00019232	0.778146	21.2282	3.91997
82.5	0.000149779	0.729883	21.261	3.91997
82.75	0.000116648	0.684604	21.2918	3.91998
83	9.08457e-05	0.642126	21.3207	3.91998
83.25	7.07507e-05	0.602278	21.3478	3.91999
83.5	5.51007e-05	0.564898	21.3732	3.91999
83.75	4.29125e-05	0.529834	21.3971	3.91999
84	3.34203e-05	0.496944	21.4195	3.91999
84.25	2.60277e-05	0.466094	21.4404	3.92
84.5	2.02704e-05	0.437157	21.4601	3.92
84.75	1.57866e-05	0.410016	21.4785	3.92
85	1.22946e-05	0.384558	21.4959	3.92
85.25	9.57506e-06	0.360681	21.5121	3.92
85.5	7.45707e-06	0.338285	21.5273	3.92
85.75	5.80757e-06	0.317279	21.5416	3.92
86	4.52294e-06	0.297578	21.555	3.92
86.25	3.52247e-06	0.279099	21.5675	3.92
86.5	2.7433e-06	0.261768	21.5793	3.92
86.75	2.13649e-06	0.245513	21.5904	3.92
87	1.6639e-06	0.230267	21.6007	3.92
87.25	1.29584e-06	0.215968	21.6104	3.92
87.5	1.0092e-06	0.202556	21.6196	3.92
87.75	7.85969e-07	0.189977	21.6281	3.92
88	6.12113e-07	0.17818	21.6361	3.92
88.25	4.76714e-07	0.167115	21.6437	3.92
88.5	3.71266e-07	0.156737	21.6507	3.92
88.75	2.89142e-07	0.147004	21.6573	3.92
89	2.25184e-07	0.137875	21.6635	3.92
89.25	1.75373e-07	0.129312	21.6693	3.92
89.5	1.36581e-07	0.121282	21.6748	3.92
89.75	1.06369e-07	0.11375	21.6799	3.92
90	8.28405e-08	0.106686	21.6847	3.92
90.25	6.45163e-08	0.100061	21.6892	3.92
90.5	5.02453e-08	0.0938472	21.6934	3.92
90.75	3.91311e-08	0.0880192	21.6974	3.92
91	3.04753e-08	0.0825531	21.7011	3.92
91.25	2.37342e-08	0.0774265	21.7046	3.92
91.5	1.84842e-08	0.0726182	21.7079	3.92
91.75	1.43955e-08	0.0681085	21.7109	3.92
92	1.12112e-08	0.0638789	21.7138	3.92
92.25	8.73133e-09	0.059912	21.7165	3.92
92.5	6.79997e-09	0.0561914	21.719	3.92
92.75	5.29582e-09	0.0527018	21.7214	3.92
93	4.12439e-09	0.049429	21.7236	3.92
93.25	3.21208e-09	0.0463594	21.7257	3.92
93.5	2.50157e-09	0.0434804	21.7277	3.92
93.75	1.94822e-09	0.0407802	21.7295	3.92
94	1.51728e-09	0.0382477	21.7312	3.92
94.25	1.18166e-09	0.0358725	21.7328	3.92
94.5	9.20275e-10	0.0336448	21.7344	3.92
94.75	7.16711e-10	0.0315554	21.7358	3.92
95	5.58175e-10	0.0295958	21.7371	3.92
95.25	4.34707e-10	0.0277578	21.7384	3.92
95.5	3.3855e-10	0.026034	21.7395	3.92
95.75	2.63663e-10	0.0244173	21.7406	3.92
96	2.05341e-10	0.022901	21.7417	3.92


